Start testing: Sep 24 03:12 UTC
----------------------------------------------------------
1/5 Testing: runPackageTests
1/5 Test: runPackageTests
Command: "/home/ubuntu/proj/packageindex/runPackageTests"
Directory: /home/ubuntu/proj/packageindex
"runPackageTests" start time: Sep 24 03:12 UTC
Output:
----------------------------------------------------------
[==========] Running 8 tests from 1 test case.
[----------] Global test environment set-up.
[----------] 8 tests from PackageTest
[ RUN      ] PackageTest.SourceNode
[       OK ] PackageTest.SourceNode (0 ms)
[ RUN      ] PackageTest.SinkNode
[       OK ] PackageTest.SinkNode (0 ms)
[ RUN      ] PackageTest.AddDependency
[       OK ] PackageTest.AddDependency (0 ms)
[ RUN      ] PackageTest.AddSelfDependency
[       OK ] PackageTest.AddSelfDependency (0 ms)
[ RUN      ] PackageTest.AddDependent
[       OK ] PackageTest.AddDependent (0 ms)
[ RUN      ] PackageTest.RemoveDependency
[       OK ] PackageTest.RemoveDependency (0 ms)
[ RUN      ] PackageTest.SearchTest
[       OK ] PackageTest.SearchTest (0 ms)
[ RUN      ] PackageTest.DeepSearchTest
[       OK ] PackageTest.DeepSearchTest (0 ms)
[----------] 8 tests from PackageTest (0 ms total)

[----------] Global test environment tear-down
[==========] 8 tests from 1 test case ran. (0 ms total)
[  PASSED  ] 8 tests.
<end of output>
Test time =   0.00 sec
----------------------------------------------------------
Test Passed.
"runPackageTests" end time: Sep 24 03:12 UTC
"runPackageTests" time elapsed: 00:00:00
----------------------------------------------------------

2/5 Testing: runPackageTableTests
2/5 Test: runPackageTableTests
Command: "/home/ubuntu/proj/packageindex/runPackageTableTests"
Directory: /home/ubuntu/proj/packageindex
"runPackageTableTests" start time: Sep 24 03:12 UTC
Output:
----------------------------------------------------------
[==========] Running 10 tests from 2 test cases.
[----------] Global test environment set-up.
[----------] 1 test from PackageTest
[ RUN      ] PackageTest.EmptyLookup
[       OK ] PackageTest.EmptyLookup (0 ms)
[----------] 1 test from PackageTest (0 ms total)

[----------] 9 tests from PackageTableTest
[ RUN      ] PackageTableTest.SourceInsert
[       OK ] PackageTableTest.SourceInsert (0 ms)
[ RUN      ] PackageTableTest.SourceInsertDup
[       OK ] PackageTableTest.SourceInsertDup (0 ms)
[ RUN      ] PackageTableTest.InsertDependMissing
[       OK ] PackageTableTest.InsertDependMissing (0 ms)
[ RUN      ] PackageTableTest.InsertDependsMet
[       OK ] PackageTableTest.InsertDependsMet (0 ms)
[ RUN      ] PackageTableTest.InsertUpdate
[       OK ] PackageTableTest.InsertUpdate (0 ms)
[ RUN      ] PackageTableTest.InsertUpdateCircular
Circular dependency detected for package baz and updated dependency foo
[       OK ] PackageTableTest.InsertUpdateCircular (0 ms)
[ RUN      ] PackageTableTest.RemoveMissing
[       OK ] PackageTableTest.RemoveMissing (0 ms)
[ RUN      ] PackageTableTest.RemoveNotSink
[       OK ] PackageTableTest.RemoveNotSink (0 ms)
[ RUN      ] PackageTableTest.RemoveSinks
Direct dependencies for foo
bar
Direct dependencies for bar
[       OK ] PackageTableTest.RemoveSinks (0 ms)
[----------] 9 tests from PackageTableTest (0 ms total)

[----------] Global test environment tear-down
[==========] 10 tests from 2 test cases ran. (0 ms total)
[  PASSED  ] 10 tests.
<end of output>
Test time =   0.00 sec
----------------------------------------------------------
Test Passed.
"runPackageTableTests" end time: Sep 24 03:12 UTC
"runPackageTableTests" time elapsed: 00:00:00
----------------------------------------------------------

3/5 Testing: runTokenizerTests
3/5 Test: runTokenizerTests
Command: "/home/ubuntu/proj/packageindex/runTokenizerTests"
Directory: /home/ubuntu/proj/packageindex
"runTokenizerTests" start time: Sep 24 03:12 UTC
Output:
----------------------------------------------------------
[==========] Running 9 tests from 1 test case.
[----------] Global test environment set-up.
[----------] 9 tests from TokenizerTest
[ RUN      ] TokenizerTest.TestEmpty
[       OK ] TokenizerTest.TestEmpty (0 ms)
[ RUN      ] TokenizerTest.Toofew1
[       OK ] TokenizerTest.Toofew1 (0 ms)
[ RUN      ] TokenizerTest.Toofew2
[       OK ] TokenizerTest.Toofew2 (0 ms)
[ RUN      ] TokenizerTest.TooNoNewline
[       OK ] TokenizerTest.TooNoNewline (0 ms)
[ RUN      ] TokenizerTest.Onlynewline
[       OK ] TokenizerTest.Onlynewline (0 ms)
[ RUN      ] TokenizerTest.Emptiesandnewline
[       OK ] TokenizerTest.Emptiesandnewline (0 ms)
[ RUN      ] TokenizerTest.GoodNodeps
[       OK ] TokenizerTest.GoodNodeps (0 ms)
[ RUN      ] TokenizerTest.GoodDep1
[       OK ] TokenizerTest.GoodDep1 (0 ms)
[ RUN      ] TokenizerTest.GoodDep2
[       OK ] TokenizerTest.GoodDep2 (0 ms)
[----------] 9 tests from TokenizerTest (0 ms total)

[----------] Global test environment tear-down
[==========] 9 tests from 1 test case ran. (0 ms total)
[  PASSED  ] 9 tests.
<end of output>
Test time =   0.00 sec
----------------------------------------------------------
Test Passed.
"runTokenizerTests" end time: Sep 24 03:12 UTC
"runTokenizerTests" time elapsed: 00:00:00
----------------------------------------------------------

4/5 Testing: runRequestTests
4/5 Test: runRequestTests
Command: "/home/ubuntu/proj/packageindex/runRequestTests"
Directory: /home/ubuntu/proj/packageindex
"runRequestTests" start time: Sep 24 03:12 UTC
Output:
----------------------------------------------------------
[==========] Running 10 tests from 1 test case.
[----------] Global test environment set-up.
[----------] 10 tests from RequestTest
[ RUN      ] RequestTest.RequestTokenFail
[       OK ] RequestTest.RequestTokenFail (0 ms)
[ RUN      ] RequestTest.RequestLizard
[       OK ] RequestTest.RequestLizard (0 ms)
[ RUN      ] RequestTest.RequestINDEXfail
[       OK ] RequestTest.RequestINDEXfail (0 ms)
[ RUN      ] RequestTest.RequestINDEXOK
[       OK ] RequestTest.RequestINDEXOK (0 ms)
[ RUN      ] RequestTest.RequestINDEXCircular
Circular dependency detected for package bar and updated dependency foo
[       OK ] RequestTest.RequestINDEXCircular (0 ms)
[ RUN      ] RequestTest.RequestREMOVEmissing
[       OK ] RequestTest.RequestREMOVEmissing (0 ms)
[ RUN      ] RequestTest.RequestREMOVEOK
[       OK ] RequestTest.RequestREMOVEOK (0 ms)
[ RUN      ] RequestTest.RequestREMOVEFailDepends
[       OK ] RequestTest.RequestREMOVEFailDepends (0 ms)
[ RUN      ] RequestTest.RequestQUERYfail
[       OK ] RequestTest.RequestQUERYfail (0 ms)
[ RUN      ] RequestTest.RequestQUERYOK
[       OK ] RequestTest.RequestQUERYOK (0 ms)
[----------] 10 tests from RequestTest (0 ms total)

[----------] Global test environment tear-down
[==========] 10 tests from 1 test case ran. (0 ms total)
[  PASSED  ] 10 tests.
<end of output>
Test time =   0.00 sec
----------------------------------------------------------
Test Passed.
"runRequestTests" end time: Sep 24 03:12 UTC
"runRequestTests" time elapsed: 00:00:00
----------------------------------------------------------

5/5 Testing: runRequestQueueTests
5/5 Test: runRequestQueueTests
Command: "/home/ubuntu/proj/packageindex/runRequestQueueTests"
Directory: /home/ubuntu/proj/packageindex
"runRequestQueueTests" start time: Sep 24 03:12 UTC
Output:
----------------------------------------------------------
[==========] Running 2 tests from 1 test case.
[----------] Global test environment set-up.
[----------] 2 tests from RequestQueueTest
[ RUN      ] RequestQueueTest.TestPush1
[       OK ] RequestQueueTest.TestPush1 (0 ms)
[ RUN      ] RequestQueueTest.TestPush3
[       OK ] RequestQueueTest.TestPush3 (0 ms)
[----------] 2 tests from RequestQueueTest (0 ms total)

[----------] Global test environment tear-down
[==========] 2 tests from 1 test case ran. (0 ms total)
[  PASSED  ] 2 tests.
<end of output>
Test time =   0.00 sec
----------------------------------------------------------
Test Passed.
"runRequestQueueTests" end time: Sep 24 03:12 UTC
"runRequestQueueTests" time elapsed: 00:00:00
----------------------------------------------------------

End testing: Sep 24 03:12 UTC
